[13Apr2025 00:01:36.892] [Server thread/INFO] [net.minecraft.world.entity.npc.Villager/]: Villager Villager['Villager'/93505, l='ServerLevel[world]', x=1887.75, y=-42.13, z=-599.75] died, message: 'Villager was burnt to a crisp whilst fighting miguel'
[13Apr2025 00:24:37.993] [Server thread/INFO] [net.minecraft.server.dedicated.DedicatedServer/]: miguel has completed the challenge [Unusual Park]
[13Apr2025 00:47:41.861] [Server thread/WARN] [net.minecraft.server.network.ServerGamePacketListenerImpl/]: Ignoring UseItemOnPacket from miguel: hit position BlockPos{x=257, y=66, z=-80} too far away from player BlockPos{x=2065, y=65, z=-639}.
[13Apr2025 00:47:41.902] [Server thread/WARN] [net.minecraft.server.network.ServerGamePacketListenerImpl/]: Ignoring UseItemOnPacket from miguel: hit position BlockPos{x=257, y=66, z=-80} too far away from player BlockPos{x=2065, y=65, z=-639}.
[13Apr2025 01:51:54.961] [Server thread/INFO] [net.minecraftforge.common.AdvancementLoadFix/]: Using new advancement loading for net.minecraft.server.PlayerAdvancements@596aa186
[13Apr2025 01:51:54.966] [Server thread/INFO] [net.minecraft.server.players.PlayerList/]: Maximous_11[/127.227.221.80:50209] logged in with entity id 146715 at (1357.926565994173, 72.5625, 356.49366043649525)
[13Apr2025 01:51:54.970] [Server thread/INFO] [net.minecraft.server.dedicated.DedicatedServer/]: Maximous_11 joined the game
[13Apr2025 01:51:55.683] [Server thread/INFO] [com.alrex.parcool.ParCool/]: Limitation of 2a525bc4-513f-3dda-80cd-7095471aaf25 was loaded
[13Apr2025 01:56:01.806] [Server thread/INFO] [net.minecraftforge.common.AdvancementLoadFix/]: Using new advancement loading for net.minecraft.server.PlayerAdvancements@42c90d51
[13Apr2025 01:56:01.811] [Server thread/INFO] [net.minecraft.server.players.PlayerList/]: Charlieedu1[/127.207.4.100:60173] logged in with entity id 149967 at (1904.3907586283733, 64.0, -648.0290696270382)
[13Apr2025 01:56:01.815] [Server thread/INFO] [net.minecraft.server.dedicated.DedicatedServer/]: Charlieedu1 joined the game
[13Apr2025 01:56:02.279] [Server thread/INFO] [com.alrex.parcool.ParCool/]: Limitation of ef306fe3-5d58-384c-8418-4dffcd9c9740 was loaded
[13Apr2025 02:02:05.108] [Server thread/INFO] [net.minecraft.server.dedicated.DedicatedServer/]: Charlieedu1 has made the advancement [We Need to Go Deeper]
[13Apr2025 02:02:57.204] [Server thread/INFO] [net.minecraft.server.dedicated.DedicatedServer/]: Charlieedu1 tried to swim in lava
[13Apr2025 02:07:21.754] [Server thread/INFO] [net.minecraft.server.dedicated.DedicatedServer/]: <Maximous_11> ,/kill miguel
[13Apr2025 02:08:59.160] [Server thread/INFO] [net.minecraft.server.dedicated.DedicatedServer/]: Charlieedu1 has made the advancement [Getting an Upgrade]
[13Apr2025 02:13:01.404] [Server thread/INFO] [net.minecraft.server.network.ServerGamePacketListenerImpl/]: miguel lost connection: You logged in from another location
[13Apr2025 02:13:01.405] [Server thread/INFO] [net.minecraft.server.dedicated.DedicatedServer/]: miguel left the game
[13Apr2025 02:13:01.405] [Server thread/INFO] [com.alrex.parcool.ParCool/]: Limitation of 864996ac-5f7e-3768-89df-9a426b678bda was unloaded
[13Apr2025 02:13:01.412] [Server thread/INFO] [net.minecraft.server.players.PlayerList/]: miguel[/127.199.40.82:43409] logged in with entity id 163840 at (899.1815672565434, 101.5, 2732.5733153270253)
[13Apr2025 02:13:01.415] [Server thread/INFO] [net.minecraft.server.dedicated.DedicatedServer/]: miguel joined the game
[13Apr2025 02:13:02.018] [Server thread/INFO] [com.alrex.parcool.ParCool/]: Limitation of 864996ac-5f7e-3768-89df-9a426b678bda was loaded
[13Apr2025 02:13:09.059] [Server thread/INFO] [net.minecraftforge.common.AdvancementLoadFix/]: Using new advancement loading for net.minecraft.server.PlayerAdvancements@2a943832
[13Apr2025 02:13:09.108] [Server thread/INFO] [net.minecraft.server.network.ServerGamePacketListenerImpl/]: miguel lost connection: You logged in from another location
[13Apr2025 02:13:09.109] [Server thread/INFO] [net.minecraft.server.dedicated.DedicatedServer/]: miguel left the game
[13Apr2025 02:13:09.109] [Server thread/INFO] [com.alrex.parcool.ParCool/]: Limitation of 864996ac-5f7e-3768-89df-9a426b678bda was unloaded
[13Apr2025 02:13:09.116] [Server thread/INFO] [net.minecraft.server.players.PlayerList/]: miguel[/127.199.40.82:60385] logged in with entity id 163925 at (899.1815672565434, 101.5, 2732.5733153270253)
[13Apr2025 02:13:09.119] [Server thread/INFO] [net.minecraft.server.dedicated.DedicatedServer/]: miguel joined the game
[13Apr2025 02:13:09.311] [Server thread/INFO] [com.alrex.parcool.ParCool/]: Limitation of 864996ac-5f7e-3768-89df-9a426b678bda was loaded
[13Apr2025 02:15:17.011] [Server thread/INFO] [net.minecraftforge.common.AdvancementLoadFix/]: Using new advancement loading for net.minecraft.server.PlayerAdvancements@16575dff
[13Apr2025 02:15:17.014] [Server thread/INFO] [net.minecraft.server.players.PlayerList/]: miguel2[/127.199.40.82:37247] logged in with entity id 166263 at (1889.925000011921, -43.0, -603.0749999880791)
[13Apr2025 02:15:17.017] [Server thread/INFO] [net.minecraft.server.dedicated.DedicatedServer/]: miguel2 joined the game
[13Apr2025 02:15:18.612] [Server thread/INFO] [com.alrex.parcool.ParCool/]: Limitation of a1b20d14-60e0-3357-896f-2f46f64f2655 was loaded
[13Apr2025 02:36:00.785] [Server thread/INFO] [net.minecraft.server.dedicated.DedicatedServer/]: <miguel2> pajuos
[13Apr2025 02:36:25.924] [Server thread/INFO] [net.minecraft.server.dedicated.DedicatedServer/]: <miguel2> aveces
[13Apr2025 02:36:33.024] [Server thread/INFO] [net.minecraft.server.dedicated.DedicatedServer/]: <miguel> aveces que pajuo?
[13Apr2025 02:37:48.676] [Server thread/INFO] [net.minecraft.server.dedicated.DedicatedServer/]: <miguel2> culo
[13Apr2025 02:37:55.569] [Server thread/INFO] [net.minecraft.server.dedicated.DedicatedServer/]: <miguel> coges
[13Apr2025 02:38:33.458] [Server thread/INFO] [net.minecraft.server.network.ServerGamePacketListenerImpl/]: miguel lost connection: Disconnected
[13Apr2025 02:38:33.458] [Server thread/INFO] [net.minecraft.server.dedicated.DedicatedServer/]: miguel left the game
[13Apr2025 02:38:33.458] [Server thread/INFO] [com.alrex.parcool.ParCool/]: Limitation of 864996ac-5f7e-3768-89df-9a426b678bda was unloaded
[13Apr2025 02:38:48.209] [Server thread/INFO] [net.minecraft.server.network.ServerGamePacketListenerImpl/]: miguel2 lost connection: Disconnected
[13Apr2025 02:38:48.209] [Server thread/INFO] [net.minecraft.server.dedicated.DedicatedServer/]: miguel2 left the game
[13Apr2025 02:38:48.209] [Server thread/INFO] [com.alrex.parcool.ParCool/]: Limitation of a1b20d14-60e0-3357-896f-2f46f64f2655 was unloaded
[13Apr2025 02:40:04.534] [Server thread/INFO] [net.minecraft.server.dedicated.DedicatedServer/]: Charlieedu1 has made the advancement [Who You Gonna Call?]
[13Apr2025 02:44:49.351] [Server thread/INFO] [net.minecraft.server.dedicated.DedicatedServer/]: Charlieedu1 was turned into KFC by Fire Dragon
[13Apr2025 03:01:53.520] [Server thread/INFO] [net.minecraft.server.dedicated.DedicatedServer/]: [Maximous_11: Teleported Maximous_11 to Charlieedu1]
[13Apr2025 03:18:01.451] [Server thread/INFO] [net.minecraft.server.dedicated.DedicatedServer/]: Maximous_11 was shot by Skeleton
[13Apr2025 03:18:53.559] [Server thread/INFO] [net.minecraft.server.dedicated.DedicatedServer/]: [Maximous_11: Set own game mode to Spectator Mode]
[13Apr2025 03:18:54.405] [Server thread/INFO] [net.minecraft.server.dedicated.DedicatedServer/]: Charlieedu1 has made the advancement [Smoke On The Water]
[13Apr2025 03:19:09.307] [Server thread/INFO] [net.minecraft.server.dedicated.DedicatedServer/]: [Maximous_11: Set own game mode to Survival Mode]
[13Apr2025 03:19:17.539] [Server thread/INFO] [net.minecraft.server.dedicated.DedicatedServer/]: [Maximous_11: Teleported Maximous_11 to -773.500000, 94.000000, 1635.500000]
[13Apr2025 03:19:58.959] [Server thread/INFO] [net.minecraft.server.dedicated.DedicatedServer/]: Charlieedu1 has made the advancement [Sea? Not a Problem]
[13Apr2025 03:21:02.795] [Server thread/INFO] [net.minecraft.server.dedicated.DedicatedServer/]: Maximous_11 was slain by Phantom
[13Apr2025 03:21:12.785] [Server thread/INFO] [net.minecraft.server.dedicated.DedicatedServer/]: [Maximous_11: Teleported Maximous_11 to -802.500000, 92.000000, 1617.500000]
[13Apr2025 03:22:16.659] [Server thread/INFO] [net.minecraft.server.dedicated.DedicatedServer/]: Maximous_11 was shot by Skeleton
[13Apr2025 03:22:24.112] [Server thread/INFO] [net.minecraft.server.dedicated.DedicatedServer/]: [Maximous_11: Teleported Maximous_11 to -785.500000, 94.000000, 1625.500000]
[13Apr2025 03:22:34.854] [Server thread/INFO] [net.minecraft.server.dedicated.DedicatedServer/]: Maximous_11 was shot by Skeleton
[13Apr2025 03:22:43.427] [Server thread/INFO] [net.minecraft.server.dedicated.DedicatedServer/]: [Maximous_11: Teleported Maximous_11 to -785.500000, 94.000000, 1625.500000]
[13Apr2025 03:23:00.197] [Server thread/INFO] [net.minecraft.server.dedicated.DedicatedServer/]: Maximous_11 was slain by Phantom
[13Apr2025 03:23:06.068] [Server thread/INFO] [net.minecraft.server.dedicated.DedicatedServer/]: [Maximous_11: Teleported Maximous_11 to -785.500000, 94.000000, 1625.500000]
[13Apr2025 03:23:14.250] [Server thread/INFO] [net.minecraft.server.dedicated.DedicatedServer/]: Maximous_11 was shot by Skeleton
[13Apr2025 03:23:21.704] [Server thread/INFO] [net.minecraft.server.dedicated.DedicatedServer/]: [Maximous_11: Teleported Maximous_11 to -784.500000, 98.000000, 1636.500000]
[13Apr2025 03:23:48.103] [Server thread/INFO] [net.minecraft.server.dedicated.DedicatedServer/]: Maximous_11 was shot by Skeleton
[13Apr2025 03:23:55.842] [Server thread/INFO] [net.minecraft.server.dedicated.DedicatedServer/]: [Maximous_11: Teleported Maximous_11 to -783.500000, 85.000000, 1599.500000]
[13Apr2025 03:26:31.406] [Server thread/INFO] [net.minecraft.server.dedicated.DedicatedServer/]: Charlieedu1 has made the advancement [Jaws]
[13Apr2025 03:27:39.165] [Server thread/INFO] [net.minecraft.server.dedicated.DedicatedServer/]: [Maximous_11: Set own game mode to Spectator Mode]
